[RUN #0 3 50]
-589 -133 -915
72 560 139
-481 695 387
-365 -146 779
755 491 630
328 -196 605
173 -715 -948
860 441 -673
241 -368 -94
-633 -597 -362
610 -316 -237
368 -584 -640
-794 104 -468
-571 -227 267
230 -861 430
798 464 -614
771 112 -74
235 -894 -430
791 -640 -845
868 495 -941
59 509 -319
511 279 -507
238 -335 748
-560 -723 -480
-877 -865 157
-323 -131 -768
-55 519 740
-86 382 -280
-835 -124 -148
905 606 389
49 383 -984
884 152 -430
-183 -817 146
96 633 -972
-137 -174 -882
252 16 -146
-375 -524 956
620 980 -38
768 -933 836
-631 558 672
454 816 -97
-14 -971 290
-769 -100 -288
313 -776 767
-522 564 236
-492 232 -729
586 664 137
-408 832 451
-493 916 -212
553 496 -165
[RUN #1 3 50]
779 258 738
216 -492 -604
-643 -88 -233
425 -645 -753
568 -203 -505
473 -155 994
-748 877 -288
132 781 991
-10 769 439
113 -975 358
-677 663 -506
40 -827 307
-256 -589 428
141 -446 153
376 585 -894
-174 48 -421
-989 -891 -990
951 -982 -690
-929 563 -69
193 716 -268
-208 -572 933
902 564 860
623 -960 -875
-793 653 -117
-344 -401 -321
262 42 -467
-95 -777 -739
-628 793 903
245 -647 745
563 -758 -887
133 438 -998
-820 -633 696
-302 -595 934
-680 -643 -487
-787 -658 -67
-914 211 -465
868 343 729
782 222 287
902 594 -852
161 -981 595
10 221 -988
599 915 -720
415 -173 641
-539 -736 334
-247 -780 610
874 87 -31
148 -436 181
-33 -310 59
-499 -382 -652
-441 171 -813
[RUN #2 3 100]
974 -715 743
866 -440 249
570 180 175
-661 -639 -583
-679 -391 -732
868 542 -318
28 -43 -554
512 -965 141
-689 -974 -946
-4 626 727
-854 754 -670
-202 894 704
-46 957 318
451 690 -853
-448 -880 842
-927 -291 256
867 777 -908
489 717 -941
295 -659 -181
-875 -164 385
-479 -258 29
-305 882 219
53 -664 878
-904 777 -646
36 28 -659
-455 712 901
-266 -114 906
819 16 62
-32 -226 -953
408 -586 930
664 431 -718
618 821 -293
-835 -583 -244
-764 -852 131
-455 -121 -897
966 512 -950
141 -877 797
-923 -688 -266
-215 449 349
-210 379 -78
-446 235 148
-507 873 -742
633 -142 -992
-754 -612 939
43 403 -876
-924 375 113
-87 -785 948
-855 -900 -523
-273 294 -617
55 -641 -175
-195 -213 -116
-881 -252 -328
-799 707 -134
916 -83 993
-580 -981 852
474 -961 4
177 52 -788
-226 879 -411
-327 256 -164
-123 -899 11
-732 295 407
-731 604 20
-772 -749 -34
603 -785 595
-388 -789 -786
622 -286 176
273 242 -479
-960 502 244
-811 952 735
-230 -954 -683
-917 -665 29
3 -958 388
-803 23 -268
887 492 -421
283 290 636
706 -678 732
-422 -133 -153
-198 754 -707
202 79 -34
-292 -947 -648
-642 -207 977
820 510 196
-637 -433 -358
305 -710 224
447 -296 328
655 -983 830
396 446 -219
-337 855 -796
-802 816 -140
695 282 554
621 -326 -227
-601 138 -627
-373 -763 -510
-790 -694 920
690 -66 -61
507 23 -480
-676 -625 -397
-876 326 -3
-412 -730 -885
-276 678 -739
[RUN #3 5 100]
-367 953 384 741 144
710 809 548 236 -735
-617 606 641 -303 283
-684 -957 -782 177 -576
-759 265 442 238 -365
215 79 -93 -971 -473
-207 722 -506 -443 -449
279 93 -215 100 -818
866 651 -48 331 -64
943 -608 668 410 23
-61 429 624 325 -70
-606 641 549 847 938
-699 -536 -681 -900 895
511 -700 782 -566 -642
860 -901 756 -468 -161
141 -700 328 649 45
268 378 613 827 599
-54 558 -698 -744 238
465 938 -582 -599 -748
-46 -325 -247 -987 758
680 -851 -634 230 329
-528 -253 541 468 469
-47 256 -982 -300 -592
592 714 -470 -365 74
-751 469 584 243 886
561 55 832 795 386
560 -523 -784 651 359
237 836 -778 -397 113
394 614 -901 140 -808
-330 821 -864 -593 -126
-463 -706 146 224 -586
817 -996 910 537 -149
-971 29 -96 -817 535
343 142 348 335 529
272 -306 -407 -56 244
869 -717 366 -644 305
-864 538 -262 593 680
618 810 871 435 -269
-826 -776 51 632 216
495 -579 -858 -980 462
856 -672 343 -838 530
-20 -862 -695 405 -852
-719 -829 -510 -232 -116
176 390 595 -365 368
-468 -981 -24 948 267
-848 798 -844 -720 362
-865 455 58 -405 -625
-491 -552 -624 269 -889
-151 561 -180 -69 -737
-180 -371 -130 -940 889
-611 -832 99 145 -341
-603 -16 233 636 341
-294 -738 140 218 -238
-216 -269 -771 -399 -459
-599 263 -894 -268 372
-992 -378 883 24 -908
355 -990 -708 928 797
452 -56 281 797 346
396 -311 -396 812 -77
636 -99 -171 -5 -109
-794 891 397 342 -245
-21 51 -278 -138 117
-394 -289 973 489 -485
301 706 599 -796 -958
-489 -856 603 860 352
-101 -217 -845 -664 901
701 -127 537 -869 635
-274 436 -448 821 749
358 994 -722 -619 220
576 -881 -156 -218 -695
-496 649 -467 -142 -144
-68 330 4 800 -190
168 -726 -692 -604 304
660 900 538 -274 -875
-889 -944 377 -630 649
-175 716 667 -777 210
3 -826 194 660 -706
611 908 -752 850 -656
-855 -189 -238 694 437
-986 410 -204 -67 -19
-789 622 -362 -617 -739
-558 -727 953 213 -119
-993 669 404 -286 -64
467 -956 -354 448 -104
886 -649 910 -639 892
810 311 -133 869 964
0 253 -167 -812 -943
950 -71 875 -839 201
-364 -413 27 -444 505
459 -152 -399 598 623
-434 -459 700 -718 110
-125 938 -804 987 -586
-211 -77 515 988 -669
-496 271 58 101 698
53 160 395 834 352
89 -289 -306 -645 -643
-670 -748 312 -862 266
541 724 -656 -785 894
-61 137 648 -677 -858
604 -47 926 -603 430
[RUN #4 5 100]
102 295 135 -704 699
-411 -844 -67 -232 803
798 737 890 -867 -394
-593 481 523 -590 -387
237 7 -12 31 -641
-603 974 364 -418 413
-804 -112 230 905 747
-737 -920 -205 -724 -183
-220 976 763 285 -606
-284 -146 -678 -496 -280
[RUN #5 5 100]
-589 -95 -449 476 519
-489 -71 871 855 -448
-659 745 503 371 504
139 -274 -992 -126 -36
-508 759 73 244 750
-195 -376 151 479 879
310 170 -206 461 -545
-714 -41 322 951 -950
607 -696 -49 -551 734
-601 273 996 -306 -689
-13 -555 -471 864 607
-270 -779 239 -623 -332
102 -521 -424 648 178
-134 581 -287 47 819
-270 234 947 556 440
497 581 533 -943 -933
-278 -10 789 -333 -591
-826 -273 294 -128 578
842 142 -735 949 -381
-462 724 -720 -791 -42
245 488 364 -477 763
-215 669 -560 -697 114
-716 711 -709 -376 -610
-165 -305 -362 293 -592
607 -933 79 915 -174
417 -184 -941 -712 206
-904 -652 940 438 -740
904 717 636 -616 156
-492 985 -114 911 28
-147 647 182 -659 154
-467 -11 45 875 -777
-984 -713 67 -904 -51
-225 -198 477 992 240
554 769 -157 957 -992
-186 798 -819 333 -716
-202 799 519 634 693
123 -248 46 131 -642
483 -415 -582 -520 -741
-324 -136 271 -783 345
-595 351 732 -659 190
68 172 -104 -197 545
654 -317 476 -434 -485
-232 897 -519 -685 -424
-729 239 -578 800 19
128 243 637 -890 -808
-270 -203 -176 507 -713
-946 725 -56 814 355
-818 382 363 -22 -246
455 -523 28 -599 -635
-407 495 -116 255 223
-321 -375 -87 -36 -273
196 -803 -637 797 -788
144 918 471 -451 658
930 243 -688 -896 -697
-762 -424 785 -130 -34
-915 -794 -884 671 719
330 -551 -182 -385 -388
-575 372 549 -161 713
-759 143 -274 487 5
-962 564 458 -415 -52
698 322 796 -736 72
867 850 -21 755 708
219 -604 -145 -695 104
-349 -124 -882 -569 -42
-354 398 -266 -375 -860
-472 -13 717 -257 -551
222 -298 -659 -533 162
-28 -307 297 -80 707
-848 -770 -344 -14 571
-675 444 820 11 757
160 -314 814 841 97
-278 695 847 48 839
314 482 875 278 340
-946 -165 363 -626 -757
297 -554 807 -289 395
-987 900 -415 -340 -441
737 -707 88 -449 -82
358 58 624 -911 -672
-737 -408 -72 -507 645
-823 832 3 242 -537
954 -687 -358 946 -702
613 -553 263 342 -680
-396 982 -383 276 845
390 -819 763 -821 462
-395 408 836 -756 514
284 724 -655 730 190
54 580 731 683 636
-44 -796 -744 -223 -931
505 426 -591 -967 -21
477 939 -320 -171 175
-877 213 991 -749 796
308 485 -86 -103 441
-186 -398 391 150 328
-570 -208 -352 -982 -824
628 -956 -559 345 619
-945 -229 -487 -576 698
-71 -917 -548 -160 850
-840 -18 42 750 289
-603 -232 745 408 996
-827 835 -289 -455 848
[RUN #6 5 100]
986 -827 -71 -582 -245
-165 255 -964 -23 924
-433 3 -949 -242 504
-711 -90 -971 368 -374
-242 826 992 30 921
-828 -186 976 -286 871
78 -361 -791 316 9
-549 -932 -291 -598 -403
114 -900 633 -347 -829
1 37 -954 282 -223
-155 229 -81 -112 174
-394 -746 619 -272 634
-971 -920 -886 -661 378
-858 -109 -245 -84 -797
429 -496 -940 676 -326
-242 699 -368 -879 947
-988 -611 563 604 595
245 814 289 -214 -437
64 -326 635 829 -967
-236 -355 328 573 -74
667 87 -904 896 615
791 -700 289 -412 -734
43 -182 -519 821 -895
541 -226 158 -343 -367
-377 -960 955 910 492
-586 -644 605 -510 -458
978 638 -320 28 -357
393 460 346 -912 348
781 382 567 65 451
-489 197 -231 -422 -803
31 797 79 -211 351
934 40 979 -158 59
534 -201 -354 -834 154
-527 914 -314 956 -922
352 -949 80 469 856
-153 694 586 -477 225
-760 -410 -625 -575 208
-374 358 -979 -584 112
-123 -633 470 83 158
-428 -289 -209 -953 -469
557 -11 746 -650 247
9 572 936 255 -11
867 -673 891 389 -647
946 654 919 590 -292
-721 -1 -697 -137 -64
-310 829 587 164 -350
-478 -841 -55 -988 -973
405 -588 72 717 -896
857 -911 506 395 618
-465 -414 -218 326 256
855 861 -115 628 874
-611 -784 -859 604 965
-601 690 714 -357 -843
-475 -315 -243 52 829
141 -397 -15 557 -856
-869 157 -619 -719 -939
-552 -599 -948 -157 -124
-658 -920 -25 285 -731
-852 -155 -243 -863 28
131 310 -78 -98 -639
-837 -248 -19 510 983
340 -5 460 -858 160
763 909 -772 -841 675
-557 -393 158 -508 -968
310 -392 893 75 -767
-813 188 -728 -325 799
-346 911 983 55 -364
586 677 37 562 108
-391 -453 -359 875 -914
230 716 -888 -829 651
-576 66 284 -193 261
-658 518 -248 -989 -185
-275 -403 -384 -184 571
502 98 -189 416 -149
-880 137 -119 -53 419
473 -11 928 547 936
426 303 199 86 944
124 758 594 -185 809
44 306 13 -699 -161
-645 -202 181 -310 -657
825 -222 247 -652 -591
13 545 403 -721 -14
-7 716 -302 206 -281
-950 -504 275 927 -629
86 -384 -368 -644 -823
-516 -167 12 627 102
-110 324 158 666 998
-772 517 -898 193 788
932 750 -13 247 280
-691 -962 573 256 -772
18 -108 -185 28 -793
829 664 940 61 -765
222 -828 -460 -823 939
-423 -604 920 -255 -174
421 -164 -942 983 -868
-715 -191 102 -489 -693
726 -555 -80 699 -236
913 -833 -346 261 -779
-206 224 926 451 918
901 -779 96 34 -375
[RUN #7 5 100]
-388 -781 740 -482 -806
241 -669 -63 -23 -564
-570 96 373 -829 358
-872 973 -73 974 806
-334 -218 -626 -624 -949
-223 -428 416 204 -1000
33 845 649 -999 872
-417 -102 -228 -352 -741
-774 -861 -210 -179 433
-862 -339 -448 -859 458
218 -72 -814 355 258
-972 866 967 -33 -696
422 -619 640 -725 135
216 254 320 -311 -215
443 -859 -398 -709 501
-669 -33 193 -161 355
-531 70 -684 -704 2
-224 -376 422 8 -412
-506 354 578 -301 49
600 804 -646 -250 -118
-970 -65 136 -186 446
312 -747 -476 -106 1
744 -71 -197 -66 -875
474 396 691 -320 -716
-90 717 -754 -36 -914
-42 654 -694 752 -559
-136 -251 665 687 524
845 490 679 -849 -212
-645 -490 -300 -610 923
994 950 551 695 -959
331 -549 -989 882 184
-791 111 567 -837 -891
227 542 854 -153 949
-331 -108 -789 52 204
463 -193 -531 268 642
-528 -539 417 575 792
872 -643 13 359 767
225 -549 521 423 -414
463 -435 -328 188 -870
936 -517 302 965 -907
-44 47 945 32 -281
[RUN #8 5 100]
311 -758 -297 676 -464
376 -70 791 -823 998
-53 -376 -965 775 82
-664 732 -749 -245 -158
521 -118 -672 -448 678
-557 270 994 658 304
985 -950 -556 -111 -74
-827 59 -978 -413 763
-53 13 695 788 98
-248 342 570 -791 252
393 453 -661 879 68
546 713 -259 -441 170
-937 109 -85 700 885
286 -992 -367 335 21
984 316 -227 -496 -803
-419 -255 -193 -401 559
-912 -157 -481 15 651
-370 -554 -598 -689 650
696 -24 88 -979 808
[RUN #9 5 100]
742 744 559 -612 57
-640 -622 3 438 281
-863 -986 -542 -89 424
-744 872 175 -240 -602
-624 -907 493 272 -605
-273 -856 433 446 39
-630 -570 -623 949 -476
315 179 -564 -231 400
-378 289 -39 6 60
-33 544 -424 -798 -302
-431 -405 -50 353 249
-495 881 738 -724 53
-62 -878 -764 -663 456
290 352 -456 813 -939
941 -384 -148 95 149
-145 994 345 -676 -688
503 767 979 -71 970
-532 208 11 575 323
825 -435 -416 859 632
872 506 831 610 -515
280 174 -746 -342 -689
934 -849 -19 -146 -637
304 981 2 413 -805
-960 441 902 -781 285
-582 -345 -139 304 331
366 775 494 -616 -782
-895 311 363 -757 548
-646 867 -156 -163 510
337 -375 -217 363 -76
399 -147 477 119 -617
855 -39 -105 -849 -901
-211 -567 -761 -767 479
6 206 -465 -506 224
-579 317 444 618 -222
-806 203 880 -160 500
767 871 513 832 -453
184 -649 -446 -17 261
629 83 -801 -122 878
-502 -507 292 -143 791
-745 -314 126 636 -222
970 288 157 436 -971
-832 46 992 435 -561
887 -96 376 17 605
299 -51 289 134 34
228 14 -135 743 -113
-509 -247 -120 888 -943
973 914 979 276 -641
-31 193 -508 680 -151
-63 730 166 -541 424
822 48 311 697 881
-684 42 30 -900 -715
-604 -624 952 334 220
-915 754 -781 -980 -135
-855 626 447 -965 -566
-425 -354 -353 -48 -370
714 981 276 626 709
-169 435 -739 307 341
642 -249 -793 -630 -181
991 -762 -860 306 -776
-223 -5 259 -1 651
-417 -326 728 256 472
-671 -97 824 546 369
596 -276 806 27 530
-342 -356 968 406 37
-502 478 -150 275 -31
592 -746 -95 885 -740
-61 718 -669 -166 58
108 404 846 273 284
-805 896 51 -287 748
-812 -344 456 38 -867
-460 -437 69 -92 -348
565 -18 -58 -475 122
60 -398 492 -324 576
-500 615 196 -539 -844
-40 203 -323 227 -423
58 445 30 -758 257
-844 555 -283 324 -378
[RUN #10 5 100]
984 484 -68 -254 34
-160 -621 -933 214 764
814 -198 -689 -813 280
20 374 -899 620 336
-797 3 15 -809 -427
685 -979 694 -784 -753
571 372 -723 -475 882
591 -12 528 -479 395
-610 349 -541 -316 -7
900 419 -173 970 -905
-796 170 -332 -183 -303
947 -486 131 -750 519
-267 -600 -624 419 982
902 326 228 -576 -848
-750 681 -271 462 -692
-786 567 -7 163 -157
-290 -576 2 767 -924
688 -63 226 503 -605
732 -730 -939 260 835
-453 123 891 394 -923
965 582 -651 14 228
463 -937 -649 777 -455
-64 892 796 -188 223
861 162 -987 -388 -437
-716 828 -337 -111 412
-43 -714 375 -268 -190
-884 -622 -294 921 -613
387 402 -190 177 283
959 -563 939 204 224
-345 234 938 -957 823
694 172 496 372 -203
-211 -185 285 536 -825
15 387 197 -3 443
950 457 883 -821 615
-589 686 616 747 -238
-187 92 -508 213 316
-549 607 -629 -808 878
-958 199 -501 533 94
-839 -466 -653 621 779
-746 265 789 -933 389
104 -747 390 -219 239
40 -605 451 -323 134
-831 880 674 -530 -978
182 -883 -976 448 -945
749 410 146 -266 -29
-540 -856 -255 -277 207
-138 -489 -988 876 308
615 571 276 -593 -512
-707 807 51 -61 -260
879 7 -237 357 -601
-578 342 73 -89 590
578 733 -877 592 -590
709 188 -974 -524 -252
-926 -98 -191 -91 -377
-659 -432 591 197 -22
41 636 -318 -173 132
-667 519 328 -796 -391
930 659 -425 -774 -822
-16 -821 965 660 154
-137 -116 913 506 -753
48 80 399 -884 497
896 554 844 -403 370
128 -658 152 -413 811
949 749 551 -23 -803
-4 -975 624 321 -931
-738 -425 -48 989 -509
-698 49 -36 -488 -757
11 -104 71 -64 -519
-717 -623 682 440 535
-73 828 -876 883 540
-523 114 408 -344 656
-379 260 251 -751 634
-800 487 423 -337 -962
-876 -522 -102 -247 -940
986 -25 970 -515 -640
-550 356 -650 -350 -99
-493 -264 261 893 439
302 -470 -422 772 661
-483 -436 -829 -56 -101
-725 -495 420 -177 654
590 329 -117 -387 341
146 -827 370 420 19
-21 311 965 350 -426
20 -933 187 749 -180
-579 -151 -599 367 976
-634 219 -170 343 298
40 -979 -893 820 -681
370 738 939 322 763
-143 614 -683 128 924
-486 -22 -200 793 -331
-45 181 711 176 756
807 129 -609 -22 -208
595 372 -727 -446 -254
499 150 187 -304 312
-319 600 -338 820 877
306 990 771 564 -597
-931 -171 428 65 503
175 -383 347 452 -805
221 925 999 314 -565
997 -464 341 -314 438
[RUN #11 5 100]
678 326 -734 12 -498
642 -174 312 893 -177
-822 -371 -770 -156 286
-834 -949 678 -559 -95
-709 356 -329 -673 -162
570 -946 910 940 18
-153 -564 -577 678 722
854 -271 -573 -189 894
360 -486 -924 777 75
-885 -528 486 -543 473
504 -351 868 -666 741
-78 210 961 -618 584
-24 -355 -227 170 -438
-885 -868 253 301 909
844 -818 -343 -254 -674
-867 -785 922 -54 980
-758 679 282 -504 342
890 336 -456 -72 970
673 -780 -674 -524 575
-546 -720 740 -683 580
835 672 650 -720 220
174 -102 954 -980 -426
-774 -134 -145 58 -339
-613 5 -168 -624 994
531 -598 -15 986 -107
168 -31 -305 -241 -962
621 104 -392 -857 783
-389 440 915 -152 534
-72 198 -254 948 769
-669 -42 -297 -59 -313
-80 -816 -90 747 520
577 -612 -69 277 -531
729 681 -425 -378 -306
-365 -434 935 -834 -551
50 159 631 -86 -151
-439 265 -306 566 -51
-653 212 -600 -772 -969
514 964 28 -988 923
-889 -485 -144 -72 -239
70 747 695 -5 -562
-646 526 179 823 -449
643 38 -430 189 -592
-757 528 298 -930 920
770 269 989 -514 42
-224 -26 -776 284 84
-606 865 72 -380 713
974 78 677 270 -923
32 254 -226 662 627
-227 987 -483 903 -395
-338 -526 -465 387 176
485 -298 132 -570 -34
-213 -946 392 468 911
148 -477 545 457 715
731 -454 623 -630 503
-836 -442 625 183 236
275 -98 -743 167 84
-721 522 -362 307 -994
-905 154 -603 -589 899
603 248 508 -424 -169
691 -229 22 -198 -551
-718 727 -902 801 837
-86 561 151 185 -887
-272 -328 637 155 987
-299 -412 -539 -360 728
360 271 -351 27 -326
365 -860 -392 282 -468
641 476 -192 319 -29
538 -778 38 -284 -730
538 -757 -402 -577 -272
-130 261 857 150 659
-621 -404 452 -453 -440
66 775 -314 -61 348
946 664 -679 683 256
357 431 -637 158 -616
883 28 -319 -517 740
-620 804 305 168 -648
194 -661 784 574 308
-944 -468 522 422 796
171 -852 232 -752 809
476 -943 251 -294 -811
602 -183 -350 -34 569
369 987 -819 982 -14
291 -944 -656 -601 881
650 361 -640 -958 340
-627 492 79 882 330
789 -757 673 -644 -610
-211 -864 268 -901 -384
54 647 -14 -798 -259
824 664 885 5 -231
225 -441 674 -280 -164
299 -571 530 743 921
816 -206 240 557 -219
-934 -290 536 291 952
560 254 -40 -376 505
584 185 -530 803 -177
-132 749 850 -264 84
-671 797 -64 -542 434
680 -996 -175 677 291
115 -130 384 797 -493
-760 390 937 907 -319
[RUN #12 5 100]
339 -700 879 -31 -822
-998 94 -466 58 800
66 -875 -923 -268 24
-130 -209 -333 218 -687
394 70 -297 -304 733
-316 987 -725 138 -555
-462 273 -626 588 92
362 -471 -94 -438 -656
-168 -674 -163 -579 -878
-412 287 -986 -732 896
919 -642 -123 851 -283
-257 649 433 459 -675
4 -685 32 864 873
-877 -269 104 -856 -998
-181 804 373 -956 -185
-215 -80 420 369 324
222 590 -21 14 -339
-793 181 814 492 -642
-558 -969 902 612 538
-597 850 -364 187 414
169 -433 264 669 113
-99 543 -237 262 754
544 780 -762 920 919
-43 92 -270 -775 592
-47 55 -81 85 -573
-881 -675 190 260 -199
774 676 -69 -646 -373
768 606 99 212 542
989 388 997 -330 403
-205 -636 -792 430 343
-837 -120 -543 -662 -250
218 -91 748 -680 923
352 438 844 904 -705
939 -111 588 -109 -904
-653 -889 54 -432 -667
406 -635 -591 -386 95
616 -48 822 236 439
-620 753 376 295 -367
-228 -160 -934 495 -123
-386 493 -394 945 -558
-676 -945 911 743 773
-720 -30 -997 876 317
669 756 -480 -520 -374
797 -588 117 -949 360
997 559 -546 172 192
-466 -306 858 -222 910
-363 713 -860 -764 685
837 105 -663 -498 -557
-669 -819 -66 726 -204
233 984 -851 455 596
275 -473 233 973 -102
-713 -913 913 106 564
-77 925 123 -597 537
256 875 189 606 -882
62 -746 -923 -627 -653
-921 -118 651 829 -981
-936 536 -622 -456 101
-264 -5 359 -694 579
-123 -644 -589 -390 -613
-243 -807 -32 890 290
-779 -633 -548 -645 659
-350 -648 -536 -529 -171
826 821 85 77 -902
788 -398 -160 589 -717
272 287 -256 -284 -745
994 -634 352 -932 195
566 942 76 782 -844
32 277 805 128 -6
622 246 245 902 -233
462 119 -294 -501 -812
182 -395 747 -152 -755
348 -471 -827 736 706
160 997 -20 686 944
714 236 -544 -308 -970
367 -657 -248 957 260
864 -190 193 610 846
511 45 992 496 767
-575 418 723 -248 985
548 718 -815 107 67
-848 951 559 805 -171
719 557 -596 -872 364
-143 445 988 855 -493
-701 276 -849 141 922
-199 -628 -383 -139 -170
-207 -728 -297 -2 461
526 -12 349 268 -965
733 -252 -247 -930 -845
-313 907 -257 279 877
389 -313 -945 734 463
-503 12 143 -609 787
822 797 800 660 202
848 512 927 -159 507
260 -205 -737 188 -740
-283 638 615 425 -913
-113 821 760 -30 972
935 928 674 982 -361
156 -137 -113 -722 121
243 87 -335 -398 -560
516 -217 -415 -228 -891
804 479 384 -113 361
[RUN #13 5 100]
-510 0 -712 -931 870
-359 879 -198 914 -443
-130 -895 -216 -941 -390
177 48 -7 -805 -992
-490 -364 782 -264 26
-942 -787 -737 -863 101
619 -600 332 -613 174
806 -135 -661 294 206
-877 333 -253 592 -705
842 252 275 31 178
-195 -146 -148 -163 -106
37 912 149 103 -35
-820 -22 358 295 180
-1 788 -480 38 -436
-430 -114 41 28 771
46 587 -105 793 699
-100 810 -959 -280 -624
403 463 -196 -698 218
154 327 110 382 219
345 -840 183 -256 -340
-456 -121 -868 459 236
905 982 -804 -882 288
-221 977 -621 393 509
555 -314 895 -851 -409
666 921 -525 419 -6
817 -471 257 344 567
-540 893 447 760 572
-405 -613 -809 -252 522
-142 996 724 -123 345
-465 -781 -609 -825 701
-591 -674 -912 134 -602
-834 -477 -274 19 713
67 643 0 -418 319
-444 -481 -807 158 -396
-517 -840 -455 570 -21
28 -475 -601 -387 762
259 768 668 -324 -354
377 317 -301 -622 -703
186 -767 708 -28 -572
-346 -576 165 -813 -908
153 -483 949 365 -981
-898 -743 182 -351 -712
-813 168 257 -795 -12
930 126 -873 -687 -503
-257 251 942 -932 634
588 -173 -893 -824 -480
-568 -525 -130 867 -397
-741 -720 310 890 497
-239 -296 563 216 -415
774 33 857 -573 882
252 849 135 547 322
506 -474 -570 902 -763
555 708 563 -676 340
121 402 972 -540 -593
-460 -586 -737 -380 277
173 -54 669 -352 571
897 764 -224 766 289
318 -886 -782 109 -714
302 178 282 -649 -39
-612 -731 -864 -768 -518
82 -54 290 562 525
-312 467 489 -178 -396
570 812 502 -244 -437
422 112 -809 411 490
-889 -802 15 394 -231
785 597 -904 -711 -800
-492 865 312 -202 -490
-854 -287 862 -829 -716
-531 270 225 -167 -887
21 -884 -593 28 -881
-219 -394 627 508 -661
521 829 -636 297 484
-792 -802 -778 826 -734
-622 -381 -738 -806 393
668 689 601 -100 -471
946 619 788 -600 72
-161 -665 -447 -173 869
349 -462 607 -546 -552
320 -256 805 646 -309
-135 446 206 651 -695
-562 -454 -672 848 -80
-249 559 610 190 -921
-420 -598 -723 -38 906
-151 -313 764 -243 895
-896 -630 667 -860 429
980 988 562 246 -927
-179 -134 -68 -606 786
1 442 -880 94 845
-768 67 -746 -674 -24
-98 316 -384 -130 750
-467 387 974 -177 691
879 -387 -434 -121 749
-736 -847 -794 -458 -919
679 -585 -419 -872 -525
146 587 -637 -589 411
-204 -211 692 -605 41
-270 294 -967 125 90
-705 -557 204 -774 -801
-815 505 176 -466 -78
-302 -641 -762 -378 367
[RUN #14 4 100]
-480 827 -622 332
786 -756 980 92
579 -892 473 262
-894 -599 -432 51
-480 -163 275 927
-40 -683 -551 23
-551 -94 217 -790
521 347 63 304
-860 -319 772 528
390 -231 -927 -707
811 -54 -339 99
940 -493 50 393
-527 192 -748 -118
-705 -723 883 70
65 428 -449 -108
434 221 -258 869
-785 813 545 -813
-40 -376 403 660
-91 -399 -590 -301
-378 575 45 563
409 -586 -950 -787
-117 -463 -988 -378
611 -71 -408 -551
566 -537 751 -513
791 -530 -922 -699
970 31 -605 241
121 66 664 521
399 641 -773 907
886 728 -303 -542
-163 212 138 -405
912 -227 -376 537
694 -775 -1 907
-408 -848 222 -201
118 -487 -927 787
-640 267 554 -304
689 385 842 -722
382 -567 72 -926
767 700 32 -137
-295 504 412 415
335 699 634 -652
385 959 -96 -655
-880 -186 -337 -239
638 -337 -96 -307
923 278 740 643
364 -534 758 -379
-532 901 -703 581
457 -516 204 -987
990 667 -750 -66
-381 243 719 -738
-266 530 830 -348
-631 -319 -849 939
800 4 894 929
-483 -535 -573 -602
-569 687 -575 -122
-431 970 723 -129
-499 728 988 -272
468 851 266 329
-529 544 -33 969
-342 412 448 155
405 -715 -370 893
495 -209 -702 560
-478 -68 -779 773
-156 -686 190 295
-784 990 -295 -397
847 500 499 836
-520 191 431 -901
-594 -275 144 732
367 415 -916 -819
-425 637 -488 -472
-417 -599 450 -402
-773 -381 -278 898
803 -218 133 371
-129 896 846 781
-881 962 -273 51
493 664 -257 2
-717 805 -587 -728
-159 -921 672 992
809 -264 -373 232
-474 -90 951 -487
-931 227 234 -579
715 121 79 150
-994 -944 473 -213
390 -747 470 -877
-334 935 418 295
-687 -888 -921 -208
-527 712 923 323
-267 210 -345 -615
-760 363 -111 -862
695 -677 847 484
433 143 200 178
435 -611 354 -12
-320 -958 337 -390
-651 -308 -794 -144
23 -112 -189 501
[RUN #15 5 100]
131 613 163 991 -12
-318 936 -221 -722 -755
-996 -121 -667 -479 751
979 399 -239 -737 -768
345 986 -295 782 -991
-49 -863 -339 -852 -198
129 -1000 598 -2 271
-430 -192 -10 837 -366
-37 753 -463 -606 568
-966 -284 687 319 925
-518 -942 -568 458 112
857 782 981 844 296
958 291 -136 -647 -595
-221 -55 -219 -188 59
-692 -189 991 407 -372
-625 -577 244 877 -571
378 -107 990 241 891
486 563 -865 735 230
-358 -650 170 318 623
-186 372 -894 915 -405
-796 -164 -403 -802 -588
111 999 -728 542 748
327 714 -446 -939 888
997 -500 386 -243 -693
822 973 180 304 556
907 728 75 267 -270
511 216 -69 59 -197
131 270 871 -592 750
913 418 -366 604 -679
787 -21 207 -526 -479
-691 -536 733 -649 -583
-601 -678 654 181 -602
38 809 -759 835 436
791 531 -480 -173 -504
-227 -101 898 -817 -569
433 -663 322 -907 -949
698 -856 205 144 926
-925 -42 -904 480 985
-612 67 -583 659 398
-478 -994 -507 797 -903
[RUN #16 4 100]
-22 -337 -166 -890
489 872 -502 68
-626 414 -420 -774
-570 -148 -417 528
717 -641 396 -290
-426 -741 -681 -647
907 -963 -743 451
256 -732 952 -72
-424 -301 -115 150
-980 -257 255 540
-99 -139 312 -808
-624 -168 865 631
-560 -732 191 -958
-606 510 -675 -869
793 441 -717 632
-142 284 -622 -895
566 -953 -667 751
-646 -689 33 380
795 -515 -944 -735
-186 801 393 548
443 -766 451 -392
-355 -958 216 688
-618 -202 -848 -251
721 -702 159 727
-702 25 24 407
-761 693 -603 634
558 793 386 124
263 407 447 -528
938 -144 868 -291
854 254 -699 -917
28 180 568 119
-949 -161 -85 -873
711 -549 -214 845
293 187 824 666
-64 92 671 -241
-235 -36 -12 55
769 -188 -89 459
-210 868 292 -424
231 -284 803 311
-861 -511 -393 -31
431 -72 -368 292
92 -263 495 -891
935 -796 -157 -29
513 -49 517 -433
410 -85 594 345
413 -714 -103 -160
-480 399 102 772
104 -374 696 -30
329 990 979 -691
-381 -202 786 -676
-816 70 -289 -361
695 482 120 -427
129 -54 -253 -950
994 19 -546 10
-532 -418 -95 253
-699 -327 931 79
-943 -465 583 -647
971 -216 -148 -71
335 -784 -76 816
-554 154 498 144
-163 -909 -653 303
-750 -847 -700 -510
476 834 203 -189
-373 -896 875 -468
-768 -130 -587 748
-202 708 -301 565
-756 508 -562 -350
-294 -112 7 -273
-750 437 -730 -525
363 -467 -946 -669
683 -230 -636 -893
230 -412 -98 798
-238 237 880 262
-442 125 43 728
-188 83 -408 -62
-437 -767 188 -459
-863 450 330 456
-566 293 -410 -695
-502 -640 914 785
-32 950 64 961
659 487 -472 203
22 -964 831 -621
277 336 462 3
-84 307 -352 677
-154 -246 -834 595
679 -421 -807 -396
930 -531 146 666
258 281 404 80
-473 -738 664 -727
36 136 85 -929
-764 -968 61 925
908 -89 816 960
78 248 487 827
-862 948 484 355
-742 -760 -72 943
-636 104 768 -348
-678 -791 165 -548
-233 -961 670 272
-82 811 217 -374
625 214 414 -573
[RUN #17 4 100]
-407 885 403 -180
727 838 329 19
995 672 -959 23
546 -144 831 -984
895 84 335 986
308 -262 501 -853
-467 -242 -577 940
-301 889 990 -137
56 -369 703 -818
-99 468 -140 -290
39 829 519 810
19 102 116 838
-945 -765 295 82
389 679 -947 -532
960 686 584 216
230 -569 929 179
-152 25 210 598
-268 -644 492 -547
537 -848 836 271
636 -268 305 -730
158 307 122 -891
865 747 932 -738
-327 -191 -594 -67
-50 724 369 850
[RUN #18 5 100]
154 545 -620 995 236
942 803 -202 -641 601
-896 857 850 919 -980
808 -616 -580 -660 -916
835 425 218 180 233
430 825 221 -139 -423
-168 304 -441 315 712
713 -80 -539 -115 -793
-840 417 -560 -466 -676
-69 988 45 -131 259
-464 917 -382 603 -216
243 -313 -326 111 -651
713 735 -848 247 33
169 319 410 249 -602
-541 893 -211 956 -828
-70 -747 -175 -79 613
[RUN #19 3 100]
-837 -312 203
-699 -152 -918
935 346 732
-271 278 449
-356 -239 275
-611 954 657
601 324 -191
779 -779 -514
-434 -139 -521
-674 -161 824
-421 -874 91
711 -257 -278
-946 -416 856
-47 720 -386
-383 -425 817
-746 539 386
